2025-12-12 18:54:39,579 - INFO - ============================================================
2025-12-12 18:54:39,579 - INFO - 实验三：物品热门度分层分析
2025-12-12 18:54:39,579 - INFO - ============================================================
2025-12-12 18:54:39,669 - INFO - 设备: cuda
2025-12-12 18:54:39,669 - INFO - 加载数据集: /home/ReChorus/data/Grocery_and_Gourmet_Food/BaseReader.pkl
2025-12-12 18:54:39,808 - INFO - 
============================================================
2025-12-12 18:54:39,809 - INFO - 物品热门度统计
2025-12-12 18:54:39,809 - INFO - ============================================================
2025-12-12 18:54:39,845 - INFO - 
分组信息:
2025-12-12 18:54:39,845 - INFO -   冷门阈值: <= 7 次被交互
2025-12-12 18:54:39,845 - INFO -   热门阈值: >= 13 次被交互
2025-12-12 18:54:39,845 - INFO -   热门物品数: 1893
2025-12-12 18:54:39,845 - INFO -   冷门物品数: 5006
2025-12-12 18:54:39,845 - INFO - 
============================================================
2025-12-12 18:54:39,845 - INFO - 评估 BiGeaR Stage 1 (Teacher)
2025-12-12 18:54:39,845 - INFO - ============================================================
2025-12-12 18:54:46,657 - INFO - 已加载 BiGeaR Stage 1 模型: /home/ReChorus/record/BiGeaR_LightGCN_v2/controlled_stage1_models/BiGeaR_LightGCN_v2__Grocery_and_Gourmet_Food__seed0__lr=0.001__l2=1e-06__emb_size=64__n_layers=2__stage=1.pt
2025-12-12 18:54:47,282 - INFO - 
============================================================
2025-12-12 18:54:47,283 - INFO - 评估 BiGeaR Stage 2 (Binary Student)
2025-12-12 18:54:47,283 - INFO - ============================================================
2025-12-12 18:54:53,912 - INFO - 已加载 BiGeaR Stage 2 模型: /home/ReChorus/record/BiGeaR_LightGCN_v2/controlled_stage2_models/BiGeaR_LightGCN_v2__Grocery_and_Gourmet_Food__seed0__lr=0.001__l2=1e-06__emb_size=64__n_layers=2__stage=2__lambda_id=1.0__top_r=100.pt
2025-12-12 18:54:54,491 - INFO - 
============================================================
2025-12-12 18:54:54,491 - INFO - 评估 LightGCN
2025-12-12 18:54:54,491 - INFO - ============================================================
2025-12-12 18:55:01,116 - INFO - 已加载 LightGCN 模型: /home/ReChorus/record/LightGCN/controlled_models/LightGCN__Grocery_and_Gourmet_Food__seed0__lr=0.001__l2=1e-06__emb_size=64__n_layers=2__batch_size=256.pt
2025-12-12 18:55:01,676 - INFO - 
============================================================
2025-12-12 18:55:01,676 - INFO - 物品热门度分层分析汇总
2025-12-12 18:55:01,676 - INFO - ============================================================
2025-12-12 18:55:01,676 - INFO - 
热门物品组:
2025-12-12 18:55:01,677 - INFO - 模型                   | HR@10      | HR@20      | NDCG@10    | NDCG@20   
2025-12-12 18:55:01,677 - INFO - ------------------------------------------------------------------------
2025-12-12 18:55:01,677 - INFO - BiGeaR_Stage1        | 0.7313     | 0.8040     | 0.4799     | 0.4984    
2025-12-12 18:55:01,677 - INFO - BiGeaR_Stage2        | 0.7570     | 0.8310     | 0.4869     | 0.5058    
2025-12-12 18:55:01,677 - INFO - LightGCN             | 0.7314     | 0.7988     | 0.4772     | 0.4943    
2025-12-12 18:55:01,677 - INFO - 
冷门物品组:
2025-12-12 18:55:01,677 - INFO - 模型                   | HR@10      | HR@20      | NDCG@10    | NDCG@20   
2025-12-12 18:55:01,677 - INFO - ------------------------------------------------------------------------
2025-12-12 18:55:01,677 - INFO - BiGeaR_Stage1        | 0.2136     | 0.3789     | 0.1010     | 0.1425    
2025-12-12 18:55:01,677 - INFO - BiGeaR_Stage2        | 0.1653     | 0.3138     | 0.0722     | 0.1094    
2025-12-12 18:55:01,677 - INFO - LightGCN             | 0.2173     | 0.3799     | 0.1018     | 0.1427    
2025-12-12 18:55:01,677 - INFO - 
全部物品组:
2025-12-12 18:55:01,677 - INFO - 模型                   | HR@10      | HR@20      | NDCG@10    | NDCG@20   
2025-12-12 18:55:01,677 - INFO - ------------------------------------------------------------------------
2025-12-12 18:55:01,677 - INFO - BiGeaR_Stage1        | 0.5075     | 0.6228     | 0.3114     | 0.3404    
2025-12-12 18:55:01,677 - INFO - BiGeaR_Stage2        | 0.4995     | 0.6124     | 0.3005     | 0.3289    
2025-12-12 18:55:01,677 - INFO - LightGCN             | 0.5090     | 0.6203     | 0.3101     | 0.3382    
2025-12-12 18:55:01,677 - INFO - 
============================================================
2025-12-12 18:55:01,677 - INFO - 热门物品 vs 冷门物品 性能差异分析
2025-12-12 18:55:01,677 - INFO - ============================================================
2025-12-12 18:55:01,677 - INFO - 
BiGeaR_Stage1:
2025-12-12 18:55:01,677 - INFO -   HR@10: 热门/冷门 = 3.42x, 差异 = +242.3%
2025-12-12 18:55:01,677 - INFO -   HR@20: 热门/冷门 = 2.12x, 差异 = +112.2%
2025-12-12 18:55:01,677 - INFO -   NDCG@10: 热门/冷门 = 4.75x, 差异 = +375.2%
2025-12-12 18:55:01,677 - INFO -   NDCG@20: 热门/冷门 = 3.50x, 差异 = +249.8%
2025-12-12 18:55:01,677 - INFO - 
BiGeaR_Stage2:
2025-12-12 18:55:01,677 - INFO -   HR@10: 热门/冷门 = 4.58x, 差异 = +358.1%
2025-12-12 18:55:01,677 - INFO -   HR@20: 热门/冷门 = 2.65x, 差异 = +164.8%
2025-12-12 18:55:01,677 - INFO -   NDCG@10: 热门/冷门 = 6.74x, 差异 = +574.2%
2025-12-12 18:55:01,677 - INFO -   NDCG@20: 热门/冷门 = 4.62x, 差异 = +362.5%
2025-12-12 18:55:01,677 - INFO - 
LightGCN:
2025-12-12 18:55:01,677 - INFO -   HR@10: 热门/冷门 = 3.37x, 差异 = +236.7%
2025-12-12 18:55:01,677 - INFO -   HR@20: 热门/冷门 = 2.10x, 差异 = +110.3%
2025-12-12 18:55:01,677 - INFO -   NDCG@10: 热门/冷门 = 4.69x, 差异 = +368.8%
2025-12-12 18:55:01,677 - INFO -   NDCG@20: 热门/冷门 = 3.46x, 差异 = +246.5%
2025-12-12 18:55:01,678 - INFO - 
============================================================
2025-12-12 18:55:01,678 - INFO - 长尾推荐能力对比
2025-12-12 18:55:01,678 - INFO - ============================================================
2025-12-12 18:55:01,678 - INFO - 
冷门物品（长尾）上的表现对比:
2025-12-12 18:55:01,678 - INFO - 
HR@10:
2025-12-12 18:55:01,678 - INFO -   BiGeaR_Stage2: 0.1653
2025-12-12 18:55:01,678 - INFO -   BiGeaR_Stage1: 0.2136
2025-12-12 18:55:01,678 - INFO -   LightGCN: 0.2173
2025-12-12 18:55:01,678 - INFO - 
HR@20:
2025-12-12 18:55:01,678 - INFO -   BiGeaR_Stage2: 0.3138
2025-12-12 18:55:01,678 - INFO -   BiGeaR_Stage1: 0.3789
2025-12-12 18:55:01,678 - INFO -   LightGCN: 0.3799
2025-12-12 18:55:01,678 - INFO - 
NDCG@10:
2025-12-12 18:55:01,678 - INFO -   BiGeaR_Stage2: 0.0722
2025-12-12 18:55:01,678 - INFO -   BiGeaR_Stage1: 0.1010
2025-12-12 18:55:01,678 - INFO -   LightGCN: 0.1018
2025-12-12 18:55:01,678 - INFO - 
NDCG@20:
2025-12-12 18:55:01,678 - INFO -   BiGeaR_Stage2: 0.1094
2025-12-12 18:55:01,678 - INFO -   BiGeaR_Stage1: 0.1425
2025-12-12 18:55:01,678 - INFO -   LightGCN: 0.1427
2025-12-12 18:55:01,678 - INFO - 
结果已保存到: /home/ReChorus/Lab/Lab3/results/item_analysis_results_20251212_185439.json
2025-12-12 18:55:01,679 - INFO - 
实验三完成！
