2025-12-12 18:53:20,449 - INFO - ============================================================
2025-12-12 18:53:20,449 - INFO - 实验二：用户活跃度分层分析
2025-12-12 18:53:20,450 - INFO - ============================================================
2025-12-12 18:53:20,543 - INFO - 设备: cuda
2025-12-12 18:53:20,543 - INFO - 加载数据集: /home/ReChorus/data/Grocery_and_Gourmet_Food/BaseReader.pkl
2025-12-12 18:53:20,688 - INFO - 
============================================================
2025-12-12 18:53:20,688 - INFO - 用户活跃度统计
2025-12-12 18:53:20,688 - INFO - ============================================================
2025-12-12 18:53:20,701 - INFO - 
分组信息:
2025-12-12 18:53:20,701 - INFO -   低活跃阈值: <= 3 次交互
2025-12-12 18:53:20,701 - INFO -   高活跃阈值: >= 10 次交互
2025-12-12 18:53:20,701 - INFO -   高活跃组用户数: 3212
2025-12-12 18:53:20,701 - INFO -   低活跃组用户数: 4194
2025-12-12 18:53:20,701 - INFO - 
============================================================
2025-12-12 18:53:20,701 - INFO - 评估 BiGeaR Stage 1 (Teacher)
2025-12-12 18:53:20,701 - INFO - ============================================================
2025-12-12 18:53:27,519 - INFO - 已加载 BiGeaR Stage 1 模型: /home/ReChorus/record/BiGeaR_LightGCN_v2/controlled_stage1_models/BiGeaR_LightGCN_v2__Grocery_and_Gourmet_Food__seed0__lr=0.001__l2=1e-06__emb_size=64__n_layers=2__stage=1.pt
2025-12-12 18:53:28,150 - INFO - 
============================================================
2025-12-12 18:53:28,151 - INFO - 评估 BiGeaR Stage 2 (Binary Student)
2025-12-12 18:53:28,151 - INFO - ============================================================
