2025-12-12 18:54:07,261 - INFO - ============================================================
2025-12-12 18:54:07,261 - INFO - 实验二：用户活跃度分层分析
2025-12-12 18:54:07,261 - INFO - ============================================================
2025-12-12 18:54:07,354 - INFO - 设备: cuda
2025-12-12 18:54:07,354 - INFO - 加载数据集: /home/ReChorus/data/Grocery_and_Gourmet_Food/BaseReader.pkl
2025-12-12 18:54:07,500 - INFO - 
============================================================
2025-12-12 18:54:07,500 - INFO - 用户活跃度统计
2025-12-12 18:54:07,500 - INFO - ============================================================
2025-12-12 18:54:07,513 - INFO - 
分组信息:
2025-12-12 18:54:07,513 - INFO -   低活跃阈值: <= 3 次交互
2025-12-12 18:54:07,513 - INFO -   高活跃阈值: >= 10 次交互
2025-12-12 18:54:07,513 - INFO -   高活跃组用户数: 3212
2025-12-12 18:54:07,513 - INFO -   低活跃组用户数: 4194
2025-12-12 18:54:07,513 - INFO - 
============================================================
2025-12-12 18:54:07,514 - INFO - 评估 BiGeaR Stage 1 (Teacher)
2025-12-12 18:54:07,514 - INFO - ============================================================
2025-12-12 18:54:14,259 - INFO - 已加载 BiGeaR Stage 1 模型: /home/ReChorus/record/BiGeaR_LightGCN_v2/controlled_stage1_models/BiGeaR_LightGCN_v2__Grocery_and_Gourmet_Food__seed0__lr=0.001__l2=1e-06__emb_size=64__n_layers=2__stage=1.pt
2025-12-12 18:54:14,867 - INFO - 
============================================================
2025-12-12 18:54:14,867 - INFO - 评估 BiGeaR Stage 2 (Binary Student)
2025-12-12 18:54:14,867 - INFO - ============================================================
2025-12-12 18:54:21,620 - INFO - 已加载 BiGeaR Stage 2 模型: /home/ReChorus/record/BiGeaR_LightGCN_v2/controlled_stage2_models/BiGeaR_LightGCN_v2__Grocery_and_Gourmet_Food__seed0__lr=0.001__l2=1e-06__emb_size=64__n_layers=2__stage=2__lambda_id=1.0__top_r=100.pt
2025-12-12 18:54:22,190 - INFO - 
============================================================
2025-12-12 18:54:22,190 - INFO - 评估 LightGCN
2025-12-12 18:54:22,190 - INFO - ============================================================
2025-12-12 18:54:28,649 - INFO - 已加载 LightGCN 模型: /home/ReChorus/record/LightGCN/controlled_models/LightGCN__Grocery_and_Gourmet_Food__seed0__lr=0.001__l2=1e-06__emb_size=64__n_layers=2__batch_size=256.pt
2025-12-12 18:54:29,195 - INFO - 
============================================================
2025-12-12 18:54:29,195 - INFO - 用户活跃度分层分析汇总
2025-12-12 18:54:29,195 - INFO - ============================================================
2025-12-12 18:54:29,195 - INFO - 
HIGH 活跃度组:
2025-12-12 18:54:29,195 - INFO - 模型                   | HR@10      | HR@20      | NDCG@10    | NDCG@20   
2025-12-12 18:54:29,195 - INFO - ------------------------------------------------------------------------
2025-12-12 18:54:29,195 - INFO - BiGeaR_Stage1        | 0.5828     | 0.7024     | 0.3146     | 0.3449    
2025-12-12 18:54:29,195 - INFO - BiGeaR_Stage2        | 0.5679     | 0.6840     | 0.3028     | 0.3322    
2025-12-12 18:54:29,196 - INFO - LightGCN             | 0.5866     | 0.7073     | 0.3173     | 0.3479    
2025-12-12 18:54:29,196 - INFO - 
LOW 活跃度组:
2025-12-12 18:54:29,196 - INFO - 模型                   | HR@10      | HR@20      | NDCG@10    | NDCG@20   
2025-12-12 18:54:29,196 - INFO - ------------------------------------------------------------------------
2025-12-12 18:54:29,196 - INFO - BiGeaR_Stage1        | 0.4654     | 0.5827     | 0.3044     | 0.3340    
2025-12-12 18:54:29,196 - INFO - BiGeaR_Stage2        | 0.4652     | 0.5768     | 0.2950     | 0.3231    
2025-12-12 18:54:29,196 - INFO - LightGCN             | 0.4645     | 0.5796     | 0.3027     | 0.3317    
2025-12-12 18:54:29,196 - INFO - 
ALL 活跃度组:
2025-12-12 18:54:29,196 - INFO - 模型                   | HR@10      | HR@20      | NDCG@10    | NDCG@20   
2025-12-12 18:54:29,196 - INFO - ------------------------------------------------------------------------
2025-12-12 18:54:29,196 - INFO - BiGeaR_Stage1        | 0.5075     | 0.6228     | 0.3114     | 0.3404    
2025-12-12 18:54:29,196 - INFO - BiGeaR_Stage2        | 0.4995     | 0.6124     | 0.3005     | 0.3289    
2025-12-12 18:54:29,196 - INFO - LightGCN             | 0.5090     | 0.6203     | 0.3101     | 0.3382    
2025-12-12 18:54:29,196 - INFO - 
============================================================
2025-12-12 18:54:29,196 - INFO - 高活跃 vs 低活跃 性能差异分析
2025-12-12 18:54:29,196 - INFO - ============================================================
2025-12-12 18:54:29,196 - INFO - 
BiGeaR_Stage1:
2025-12-12 18:54:29,196 - INFO -   HR@10: 高/低 = 1.25x, 差异 = +25.2%
2025-12-12 18:54:29,196 - INFO -   HR@20: 高/低 = 1.21x, 差异 = +20.5%
2025-12-12 18:54:29,196 - INFO -   NDCG@10: 高/低 = 1.03x, 差异 = +3.3%
2025-12-12 18:54:29,196 - INFO -   NDCG@20: 高/低 = 1.03x, 差异 = +3.3%
2025-12-12 18:54:29,196 - INFO - 
BiGeaR_Stage2:
2025-12-12 18:54:29,196 - INFO -   HR@10: 高/低 = 1.22x, 差异 = +22.1%
2025-12-12 18:54:29,196 - INFO -   HR@20: 高/低 = 1.19x, 差异 = +18.6%
2025-12-12 18:54:29,196 - INFO -   NDCG@10: 高/低 = 1.03x, 差异 = +2.7%
2025-12-12 18:54:29,196 - INFO -   NDCG@20: 高/低 = 1.03x, 差异 = +2.8%
2025-12-12 18:54:29,196 - INFO - 
LightGCN:
2025-12-12 18:54:29,196 - INFO -   HR@10: 高/低 = 1.26x, 差异 = +26.3%
2025-12-12 18:54:29,196 - INFO -   HR@20: 高/低 = 1.22x, 差异 = +22.0%
2025-12-12 18:54:29,196 - INFO -   NDCG@10: 高/低 = 1.05x, 差异 = +4.8%
2025-12-12 18:54:29,196 - INFO -   NDCG@20: 高/低 = 1.05x, 差异 = +4.9%
2025-12-12 18:54:29,197 - INFO - 
结果已保存到: /home/ReChorus/Lab/Lab2/results/user_analysis_results_20251212_185407.json
2025-12-12 18:54:29,197 - INFO - 
实验二完成！
