2025-12-12 18:55:15,562 - INFO - ============================================================
2025-12-12 18:55:15,562 - INFO - 实验四：超参数敏感性分析 - Embedding 维度
2025-12-12 18:55:15,562 - INFO - ============================================================
2025-12-12 18:55:15,562 - INFO - 测试维度: [16, 32, 64, 128]
2025-12-12 18:55:15,658 - INFO - 设备: cuda
2025-12-12 18:55:15,658 - INFO - 加载数据集: /home/ReChorus/data/Grocery_and_Gourmet_Food/BaseReader.pkl
2025-12-12 18:55:15,798 - INFO - 用户数: 14682, 物品数: 8714
2025-12-12 18:55:15,799 - INFO - 
############################################################
2025-12-12 18:55:15,799 - INFO - # Embedding 维度 = 16
2025-12-12 18:55:15,799 - INFO - ############################################################
2025-12-12 18:55:15,799 - INFO - 
============================================================
2025-12-12 18:55:15,799 - INFO - 训练 Stage 1, emb_size = 16
2025-12-12 18:55:15,799 - INFO - ============================================================
2025-12-12 18:55:22,504 - INFO - 模型参数量: 374336
2025-12-12 18:55:22,787 - INFO - Optimizer: Adam
2025-12-12 18:55:30,241 - INFO - Epoch 1     loss=0.5453 [7.5 s]	dev=(NDCG@10:0.2100) [0.1 s] *
2025-12-12 18:55:36,835 - INFO - Epoch 2     loss=0.4432 [6.5 s]	dev=(NDCG@10:0.2291) [0.1 s] *
2025-12-12 18:55:43,359 - INFO - Epoch 3     loss=0.4120 [6.4 s]	dev=(NDCG@10:0.2455) [0.1 s] *
2025-12-12 18:55:49,750 - INFO - Epoch 4     loss=0.3832 [6.3 s]	dev=(NDCG@10:0.2588) [0.1 s] *
2025-12-12 18:55:56,062 - INFO - Epoch 5     loss=0.3593 [6.2 s]	dev=(NDCG@10:0.2703) [0.1 s] *
2025-12-12 18:56:02,611 - INFO - Epoch 6     loss=0.3376 [6.5 s]	dev=(NDCG@10:0.2810) [0.1 s] *
2025-12-12 18:56:08,402 - INFO - Epoch 7     loss=0.3207 [5.7 s]	dev=(NDCG@10:0.2935) [0.1 s] *
2025-12-12 18:56:14,788 - INFO - Epoch 8     loss=0.3046 [6.3 s]	dev=(NDCG@10:0.3028) [0.1 s] *
2025-12-12 18:56:21,224 - INFO - Epoch 9     loss=0.2910 [6.3 s]	dev=(NDCG@10:0.3119) [0.1 s] *
2025-12-12 18:56:27,686 - INFO - Epoch 10    loss=0.2810 [6.4 s]	dev=(NDCG@10:0.3185) [0.1 s] *
2025-12-12 18:56:34,026 - INFO - Epoch 11    loss=0.2717 [6.2 s]	dev=(NDCG@10:0.3236) [0.1 s] *
2025-12-12 18:56:39,904 - INFO - Epoch 12    loss=0.2627 [5.8 s]	dev=(NDCG@10:0.3271) [0.1 s] *
2025-12-12 18:56:45,976 - INFO - Epoch 13    loss=0.2559 [6.0 s]	dev=(NDCG@10:0.3306) [0.1 s] *
2025-12-12 18:56:51,713 - INFO - Epoch 14    loss=0.2506 [5.7 s]	dev=(NDCG@10:0.3333) [0.1 s] *
2025-12-12 18:56:58,080 - INFO - Epoch 15    loss=0.2410 [6.3 s]	dev=(NDCG@10:0.3349) [0.1 s] *
2025-12-12 18:57:03,424 - INFO - Epoch 16    loss=0.2373 [5.3 s]	dev=(NDCG@10:0.3360) [0.1 s] *
2025-12-12 18:57:09,882 - INFO - Epoch 17    loss=0.2308 [6.4 s]	dev=(NDCG@10:0.3375) [0.1 s] *
2025-12-12 18:57:16,312 - INFO - Epoch 18    loss=0.2295 [6.3 s]	dev=(NDCG@10:0.3389) [0.1 s] *
2025-12-12 18:57:22,705 - INFO - Epoch 19    loss=0.2237 [6.3 s]	dev=(NDCG@10:0.3404) [0.1 s] *
2025-12-12 18:57:28,921 - INFO - Epoch 20    loss=0.2171 [6.1 s]	dev=(NDCG@10:0.3418) [0.1 s] *
2025-12-12 18:57:34,440 - INFO - Epoch 21    loss=0.2112 [5.4 s]	dev=(NDCG@10:0.3425) [0.1 s] *
2025-12-12 18:57:40,936 - INFO - Epoch 22    loss=0.2073 [6.4 s]	dev=(NDCG@10:0.3440) [0.1 s] *
2025-12-12 18:57:47,444 - INFO - Epoch 23    loss=0.2021 [6.4 s]	dev=(NDCG@10:0.3447) [0.1 s] *
2025-12-12 18:57:53,712 - INFO - Epoch 24    loss=0.1977 [6.2 s]	dev=(NDCG@10:0.3456) [0.1 s] *
2025-12-12 18:58:00,046 - INFO - Epoch 25    loss=0.1932 [6.2 s]	dev=(NDCG@10:0.3459) [0.1 s] *
2025-12-12 18:58:06,322 - INFO - Epoch 26    loss=0.1925 [6.2 s]	dev=(NDCG@10:0.3465) [0.1 s] *
2025-12-12 18:58:12,716 - INFO - Epoch 27    loss=0.1878 [6.3 s]	dev=(NDCG@10:0.3474) [0.1 s] *
2025-12-12 18:58:19,085 - INFO - Epoch 28    loss=0.1841 [6.3 s]	dev=(NDCG@10:0.3476) [0.1 s] *
2025-12-12 18:58:25,584 - INFO - Epoch 29    loss=0.1794 [6.4 s]	dev=(NDCG@10:0.3481) [0.1 s] *
2025-12-12 18:58:32,017 - INFO - Epoch 30    loss=0.1762 [6.3 s]	dev=(NDCG@10:0.3487) [0.1 s] *
2025-12-12 18:58:32,017 - INFO - 
Best Iter(dev)=   30	 dev=(NDCG@10:0.3487) [189.3 s] 
2025-12-12 18:58:32,020 - INFO - Load model from /home/ReChorus/Lab/Lab4/models/BiGeaR_emb16_stage1.pt
2025-12-12 18:58:32,021 - INFO - Load model from /home/ReChorus/Lab/Lab4/models/BiGeaR_emb16_stage1.pt
2025-12-12 18:58:32,171 - INFO - 训练完成: emb_size=16, stage=1
2025-12-12 18:58:32,171 - INFO - 训练时间: 189.33s
2025-12-12 18:58:32,171 - INFO - Test 结果: NDCG@5:0.2501,NDCG@10:0.2913,NDCG@20:0.3204,NDCG@50:0.3630
2025-12-12 18:58:32,180 - INFO - 
============================================================
2025-12-12 18:58:32,180 - INFO - 训练 Stage 2, emb_size = 16
2025-12-12 18:58:32,180 - INFO - ============================================================
2025-12-12 18:58:38,591 - INFO - 模型参数量: 374336
2025-12-12 18:58:38,899 - INFO - Optimizer: Adam
2025-12-12 18:58:49,090 - INFO - Epoch 1     loss=0.2853 [10.2 s]	dev=(NDCG@10:0.3207) [0.1 s] *
2025-12-12 18:58:59,636 - INFO - Epoch 2     loss=0.2744 [10.4 s]	dev=(NDCG@10:0.3221) [0.1 s] *
2025-12-12 18:59:10,085 - INFO - Epoch 3     loss=0.2686 [10.3 s]	dev=(NDCG@10:0.3230) [0.1 s] *
2025-12-12 18:59:20,471 - INFO - Epoch 4     loss=0.2649 [10.2 s]	dev=(NDCG@10:0.3235) [0.1 s] *
2025-12-12 18:59:30,588 - INFO - Epoch 5     loss=0.2617 [10.0 s]	dev=(NDCG@10:0.3236) [0.1 s] *
2025-12-12 18:59:40,741 - INFO - Epoch 6     loss=0.2585 [10.0 s]	dev=(NDCG@10:0.3245) [0.1 s] *
2025-12-12 18:59:51,106 - INFO - Epoch 7     loss=0.2578 [10.3 s]	dev=(NDCG@10:0.3243) [0.1 s]
2025-12-12 19:00:01,458 - INFO - Epoch 8     loss=0.2557 [10.3 s]	dev=(NDCG@10:0.3242) [0.1 s]
2025-12-12 19:00:11,943 - INFO - Epoch 9     loss=0.2541 [10.4 s]	dev=(NDCG@10:0.3245) [0.1 s]
2025-12-12 19:00:22,475 - INFO - Epoch 10    loss=0.2532 [10.4 s]	dev=(NDCG@10:0.3263) [0.1 s] *
2025-12-12 19:00:32,702 - INFO - Epoch 11    loss=0.2519 [10.1 s]	dev=(NDCG@10:0.3265) [0.1 s] *
2025-12-12 19:00:42,566 - INFO - Epoch 12    loss=0.2502 [9.7 s]	dev=(NDCG@10:0.3269) [0.1 s] *
2025-12-12 19:00:52,839 - INFO - Epoch 13    loss=0.2489 [10.1 s]	dev=(NDCG@10:0.3271) [0.1 s] *
2025-12-12 19:01:03,336 - INFO - Epoch 14    loss=0.2480 [10.3 s]	dev=(NDCG@10:0.3272) [0.1 s] *
2025-12-12 19:01:13,813 - INFO - Epoch 15    loss=0.2439 [10.3 s]	dev=(NDCG@10:0.3274) [0.1 s] *
2025-12-12 19:01:24,187 - INFO - Epoch 16    loss=0.2446 [10.3 s]	dev=(NDCG@10:0.3273) [0.1 s]
2025-12-12 19:01:34,664 - INFO - Epoch 17    loss=0.2435 [10.3 s]	dev=(NDCG@10:0.3277) [0.1 s] *
2025-12-12 19:01:45,163 - INFO - Epoch 18    loss=0.2456 [10.3 s]	dev=(NDCG@10:0.3282) [0.1 s] *
2025-12-12 19:01:55,571 - INFO - Epoch 19    loss=0.2440 [10.2 s]	dev=(NDCG@10:0.3285) [0.1 s] *
2025-12-12 19:02:05,677 - INFO - Epoch 20    loss=0.2406 [9.9 s]	dev=(NDCG@10:0.3286) [0.1 s] *
2025-12-12 19:02:14,373 - INFO - Epoch 21    loss=0.2390 [8.5 s]	dev=(NDCG@10:0.3288) [0.1 s] *
2025-12-12 19:02:24,643 - INFO - Epoch 22    loss=0.2388 [10.1 s]	dev=(NDCG@10:0.3293) [0.1 s] *
2025-12-12 19:02:34,625 - INFO - Epoch 23    loss=0.2382 [9.9 s]	dev=(NDCG@10:0.3289) [0.1 s]
2025-12-12 19:02:45,101 - INFO - Epoch 24    loss=0.2363 [10.4 s]	dev=(NDCG@10:0.3289) [0.1 s]
2025-12-12 19:02:55,690 - INFO - Epoch 25    loss=0.2361 [10.4 s]	dev=(NDCG@10:0.3295) [0.1 s] *
2025-12-12 19:03:06,230 - INFO - Epoch 26    loss=0.2375 [10.4 s]	dev=(NDCG@10:0.3291) [0.1 s]
2025-12-12 19:03:16,714 - INFO - Epoch 27    loss=0.2374 [10.4 s]	dev=(NDCG@10:0.3287) [0.1 s]
2025-12-12 19:03:27,066 - INFO - Epoch 28    loss=0.2352 [10.3 s]	dev=(NDCG@10:0.3291) [0.1 s]
2025-12-12 19:03:37,475 - INFO - Epoch 29    loss=0.2344 [10.3 s]	dev=(NDCG@10:0.3294) [0.1 s]
2025-12-12 19:03:37,475 - INFO - Early stop at 29 based on dev result.
2025-12-12 19:03:37,475 - INFO - 
Best Iter(dev)=   25	 dev=(NDCG@10:0.3295) [298.7 s] 
2025-12-12 19:03:37,503 - INFO - Load model from /home/ReChorus/Lab/Lab4/models/BiGeaR_emb16_stage2.pt
2025-12-12 19:03:37,530 - INFO - Load model from /home/ReChorus/Lab/Lab4/models/BiGeaR_emb16_stage2.pt
2025-12-12 19:03:37,714 - INFO - 训练完成: emb_size=16, stage=2
2025-12-12 19:03:37,714 - INFO - 训练时间: 298.73s
2025-12-12 19:03:37,714 - INFO - Test 结果: NDCG@5:0.2348,NDCG@10:0.2754,NDCG@20:0.3042,NDCG@50:0.3474
2025-12-12 19:03:37,722 - INFO - 
############################################################
2025-12-12 19:03:37,722 - INFO - # Embedding 维度 = 32
2025-12-12 19:03:37,722 - INFO - ############################################################
2025-12-12 19:03:37,722 - INFO - 
============================================================
2025-12-12 19:03:37,722 - INFO - 训练 Stage 1, emb_size = 32
2025-12-12 19:03:37,722 - INFO - ============================================================
2025-12-12 19:03:44,099 - INFO - 模型参数量: 748672
2025-12-12 19:03:44,394 - INFO - Optimizer: Adam
2025-12-12 19:03:50,783 - INFO - Epoch 1     loss=0.5208 [6.4 s]	dev=(NDCG@10:0.2240) [0.1 s] *
2025-12-12 19:03:57,000 - INFO - Epoch 2     loss=0.4203 [6.1 s]	dev=(NDCG@10:0.2552) [0.1 s] *
2025-12-12 19:04:03,249 - INFO - Epoch 3     loss=0.3752 [6.2 s]	dev=(NDCG@10:0.2793) [0.1 s] *
2025-12-12 19:04:09,760 - INFO - Epoch 4     loss=0.3388 [6.4 s]	dev=(NDCG@10:0.2985) [0.1 s] *
2025-12-12 19:04:16,034 - INFO - Epoch 5     loss=0.3104 [6.2 s]	dev=(NDCG@10:0.3137) [0.1 s] *
2025-12-12 19:04:22,345 - INFO - Epoch 6     loss=0.2890 [6.2 s]	dev=(NDCG@10:0.3219) [0.1 s] *
2025-12-12 19:04:28,821 - INFO - Epoch 7     loss=0.2737 [6.4 s]	dev=(NDCG@10:0.3273) [0.1 s] *
2025-12-12 19:04:35,270 - INFO - Epoch 8     loss=0.2605 [6.4 s]	dev=(NDCG@10:0.3319) [0.1 s] *
2025-12-12 19:04:41,662 - INFO - Epoch 9     loss=0.2485 [6.3 s]	dev=(NDCG@10:0.3351) [0.1 s] *
2025-12-12 19:04:47,918 - INFO - Epoch 10    loss=0.2401 [6.2 s]	dev=(NDCG@10:0.3378) [0.1 s] *
2025-12-12 19:04:54,115 - INFO - Epoch 11    loss=0.2316 [6.1 s]	dev=(NDCG@10:0.3404) [0.1 s] *
2025-12-12 19:05:00,613 - INFO - Epoch 12    loss=0.2219 [6.4 s]	dev=(NDCG@10:0.3424) [0.1 s] *
2025-12-12 19:05:06,829 - INFO - Epoch 13    loss=0.2150 [6.1 s]	dev=(NDCG@10:0.3443) [0.1 s] *
2025-12-12 19:05:13,114 - INFO - Epoch 14    loss=0.2078 [6.2 s]	dev=(NDCG@10:0.3460) [0.1 s] *
2025-12-12 19:05:19,490 - INFO - Epoch 15    loss=0.1978 [6.3 s]	dev=(NDCG@10:0.3473) [0.1 s] *
2025-12-12 19:05:25,555 - INFO - Epoch 16    loss=0.1930 [6.0 s]	dev=(NDCG@10:0.3483) [0.1 s] *
2025-12-12 19:05:32,003 - INFO - Epoch 17    loss=0.1855 [6.4 s]	dev=(NDCG@10:0.3487) [0.1 s] *
2025-12-12 19:05:38,479 - INFO - Epoch 18    loss=0.1831 [6.4 s]	dev=(NDCG@10:0.3497) [0.1 s] *
2025-12-12 19:05:44,906 - INFO - Epoch 19    loss=0.1770 [6.3 s]	dev=(NDCG@10:0.3507) [0.1 s] *
2025-12-12 19:05:51,348 - INFO - Epoch 20    loss=0.1693 [6.4 s]	dev=(NDCG@10:0.3523) [0.1 s] *
2025-12-12 19:05:57,848 - INFO - Epoch 21    loss=0.1640 [6.4 s]	dev=(NDCG@10:0.3528) [0.1 s] *
2025-12-12 19:06:04,012 - INFO - Epoch 22    loss=0.1590 [6.1 s]	dev=(NDCG@10:0.3540) [0.1 s] *
2025-12-12 19:06:10,157 - INFO - Epoch 23    loss=0.1537 [6.1 s]	dev=(NDCG@10:0.3551) [0.1 s] *
2025-12-12 19:06:16,534 - INFO - Epoch 24    loss=0.1493 [6.3 s]	dev=(NDCG@10:0.3559) [0.1 s] *
2025-12-12 19:06:22,715 - INFO - Epoch 25    loss=0.1451 [6.1 s]	dev=(NDCG@10:0.3560) [0.1 s] *
2025-12-12 19:06:28,880 - INFO - Epoch 26    loss=0.1434 [6.1 s]	dev=(NDCG@10:0.3564) [0.1 s] *
2025-12-12 19:06:35,355 - INFO - Epoch 27    loss=0.1386 [6.4 s]	dev=(NDCG@10:0.3569) [0.1 s] *
2025-12-12 19:06:41,925 - INFO - Epoch 28    loss=0.1345 [6.5 s]	dev=(NDCG@10:0.3576) [0.1 s] *
2025-12-12 19:06:48,498 - INFO - Epoch 29    loss=0.1304 [6.5 s]	dev=(NDCG@10:0.3582) [0.1 s] *
2025-12-12 19:06:54,809 - INFO - Epoch 30    loss=0.1275 [6.2 s]	dev=(NDCG@10:0.3584) [0.1 s] *
2025-12-12 19:06:54,809 - INFO - 
Best Iter(dev)=   30	 dev=(NDCG@10:0.3584) [190.5 s] 
2025-12-12 19:06:54,811 - INFO - Load model from /home/ReChorus/Lab/Lab4/models/BiGeaR_emb32_stage1.pt
2025-12-12 19:06:54,813 - INFO - Load model from /home/ReChorus/Lab/Lab4/models/BiGeaR_emb32_stage1.pt
2025-12-12 19:06:54,964 - INFO - 训练完成: emb_size=32, stage=1
2025-12-12 19:06:54,964 - INFO - 训练时间: 190.54s
2025-12-12 19:06:54,964 - INFO - Test 结果: NDCG@5:0.2594,NDCG@10:0.2990,NDCG@20:0.3289,NDCG@50:0.3705
2025-12-12 19:06:54,972 - INFO - 
============================================================
2025-12-12 19:06:54,972 - INFO - 训练 Stage 2, emb_size = 32
2025-12-12 19:06:54,972 - INFO - ============================================================
2025-12-12 19:07:01,317 - INFO - 模型参数量: 748672
2025-12-12 19:07:01,614 - INFO - Optimizer: Adam
2025-12-12 19:07:12,015 - INFO - Epoch 1     loss=0.2428 [10.4 s]	dev=(NDCG@10:0.3355) [0.1 s] *
2025-12-12 19:07:21,968 - INFO - Epoch 2     loss=0.2293 [9.8 s]	dev=(NDCG@10:0.3385) [0.1 s] *
2025-12-12 19:07:32,340 - INFO - Epoch 3     loss=0.2223 [10.2 s]	dev=(NDCG@10:0.3399) [0.1 s] *
2025-12-12 19:07:42,871 - INFO - Epoch 4     loss=0.2180 [10.4 s]	dev=(NDCG@10:0.3414) [0.1 s] *
2025-12-12 19:07:52,216 - INFO - Epoch 5     loss=0.2147 [9.2 s]	dev=(NDCG@10:0.3418) [0.1 s] *
2025-12-12 19:08:02,533 - INFO - Epoch 6     loss=0.2114 [10.2 s]	dev=(NDCG@10:0.3431) [0.1 s] *
2025-12-12 19:08:12,893 - INFO - Epoch 7     loss=0.2097 [10.3 s]	dev=(NDCG@10:0.3428) [0.1 s]
2025-12-12 19:08:23,372 - INFO - Epoch 8     loss=0.2075 [10.3 s]	dev=(NDCG@10:0.3444) [0.1 s] *
2025-12-12 19:08:33,822 - INFO - Epoch 9     loss=0.2062 [10.3 s]	dev=(NDCG@10:0.3444) [0.1 s] *
2025-12-12 19:08:44,187 - INFO - Epoch 10    loss=0.2057 [10.2 s]	dev=(NDCG@10:0.3458) [0.1 s] *
2025-12-12 19:08:54,725 - INFO - Epoch 11    loss=0.2044 [10.4 s]	dev=(NDCG@10:0.3454) [0.1 s]
2025-12-12 19:09:04,986 - INFO - Epoch 12    loss=0.2031 [10.2 s]	dev=(NDCG@10:0.3456) [0.1 s]
2025-12-12 19:09:15,216 - INFO - Epoch 13    loss=0.2019 [10.1 s]	dev=(NDCG@10:0.3458) [0.1 s]
2025-12-12 19:09:25,788 - INFO - Epoch 14    loss=0.2011 [10.4 s]	dev=(NDCG@10:0.3463) [0.1 s] *
2025-12-12 19:09:36,018 - INFO - Epoch 15    loss=0.1977 [10.1 s]	dev=(NDCG@10:0.3467) [0.1 s] *
2025-12-12 19:09:46,068 - INFO - Epoch 16    loss=0.1991 [9.9 s]	dev=(NDCG@10:0.3466) [0.1 s]
2025-12-12 19:09:56,336 - INFO - Epoch 17    loss=0.1986 [10.2 s]	dev=(NDCG@10:0.3466) [0.1 s]
2025-12-12 19:10:06,235 - INFO - Epoch 18    loss=0.1994 [9.7 s]	dev=(NDCG@10:0.3475) [0.1 s] *
2025-12-12 19:10:15,409 - INFO - Epoch 19    loss=0.1973 [9.1 s]	dev=(NDCG@10:0.3470) [0.1 s]
2025-12-12 19:10:25,893 - INFO - Epoch 20    loss=0.1960 [10.4 s]	dev=(NDCG@10:0.3468) [0.1 s]
2025-12-12 19:10:36,188 - INFO - Epoch 21    loss=0.1945 [10.2 s]	dev=(NDCG@10:0.3475) [0.1 s]
2025-12-12 19:10:46,424 - INFO - Epoch 22    loss=0.1935 [10.1 s]	dev=(NDCG@10:0.3470) [0.1 s]
2025-12-12 19:10:46,424 - INFO - Early stop at 22 based on dev result.
2025-12-12 19:10:46,424 - INFO - 
Best Iter(dev)=   18	 dev=(NDCG@10:0.3475) [224.9 s] 
2025-12-12 19:10:46,451 - INFO - Load model from /home/ReChorus/Lab/Lab4/models/BiGeaR_emb32_stage2.pt
2025-12-12 19:10:46,478 - INFO - Load model from /home/ReChorus/Lab/Lab4/models/BiGeaR_emb32_stage2.pt
2025-12-12 19:10:46,656 - INFO - 训练完成: emb_size=32, stage=2
2025-12-12 19:10:46,657 - INFO - 训练时间: 224.96s
2025-12-12 19:10:46,657 - INFO - Test 结果: NDCG@5:0.2474,NDCG@10:0.2888,NDCG@20:0.3180,NDCG@50:0.3594
2025-12-12 19:10:46,664 - INFO - 
############################################################
2025-12-12 19:10:46,664 - INFO - # Embedding 维度 = 64
2025-12-12 19:10:46,664 - INFO - ############################################################
2025-12-12 19:10:46,665 - INFO - 
============================================================
2025-12-12 19:10:46,665 - INFO - 训练 Stage 1, emb_size = 64
2025-12-12 19:10:46,665 - INFO - ============================================================
2025-12-12 19:10:52,984 - INFO - 模型参数量: 1497344
2025-12-12 19:10:53,275 - INFO - Optimizer: Adam
2025-12-12 19:10:59,583 - INFO - Epoch 1     loss=0.4981 [6.3 s]	dev=(NDCG@10:0.2403) [0.1 s] *
2025-12-12 19:11:05,497 - INFO - Epoch 2     loss=0.3897 [5.8 s]	dev=(NDCG@10:0.2856) [0.1 s] *
2025-12-12 19:11:11,960 - INFO - Epoch 3     loss=0.3318 [6.4 s]	dev=(NDCG@10:0.3111) [0.1 s] *
2025-12-12 19:11:18,404 - INFO - Epoch 4     loss=0.2935 [6.3 s]	dev=(NDCG@10:0.3256) [0.1 s] *
2025-12-12 19:11:24,812 - INFO - Epoch 5     loss=0.2676 [6.3 s]	dev=(NDCG@10:0.3319) [0.1 s] *
2025-12-12 19:11:31,272 - INFO - Epoch 6     loss=0.2500 [6.4 s]	dev=(NDCG@10:0.3351) [0.1 s] *
2025-12-12 19:11:37,763 - INFO - Epoch 7     loss=0.2369 [6.4 s]	dev=(NDCG@10:0.3383) [0.1 s] *
2025-12-12 19:11:44,282 - INFO - Epoch 8     loss=0.2236 [6.4 s]	dev=(NDCG@10:0.3422) [0.1 s] *
2025-12-12 19:11:50,552 - INFO - Epoch 9     loss=0.2114 [6.2 s]	dev=(NDCG@10:0.3450) [0.1 s] *
2025-12-12 19:11:56,983 - INFO - Epoch 10    loss=0.2019 [6.3 s]	dev=(NDCG@10:0.3483) [0.1 s] *
2025-12-12 19:12:03,214 - INFO - Epoch 11    loss=0.1914 [6.1 s]	dev=(NDCG@10:0.3499) [0.1 s] *
2025-12-12 19:12:09,547 - INFO - Epoch 12    loss=0.1808 [6.2 s]	dev=(NDCG@10:0.3518) [0.1 s] *
2025-12-12 19:12:15,896 - INFO - Epoch 13    loss=0.1723 [6.3 s]	dev=(NDCG@10:0.3542) [0.1 s] *
2025-12-12 19:12:22,429 - INFO - Epoch 14    loss=0.1638 [6.4 s]	dev=(NDCG@10:0.3558) [0.1 s] *
2025-12-12 19:12:28,791 - INFO - Epoch 15    loss=0.1533 [6.3 s]	dev=(NDCG@10:0.3564) [0.1 s] *
2025-12-12 19:12:35,309 - INFO - Epoch 16    loss=0.1481 [6.4 s]	dev=(NDCG@10:0.3576) [0.1 s] *
2025-12-12 19:12:41,843 - INFO - Epoch 17    loss=0.1398 [6.4 s]	dev=(NDCG@10:0.3586) [0.1 s] *
2025-12-12 19:12:48,249 - INFO - Epoch 18    loss=0.1362 [6.3 s]	dev=(NDCG@10:0.3595) [0.1 s] *
2025-12-12 19:12:54,587 - INFO - Epoch 19    loss=0.1301 [6.2 s]	dev=(NDCG@10:0.3610) [0.1 s] *
2025-12-12 19:13:00,873 - INFO - Epoch 20    loss=0.1223 [6.2 s]	dev=(NDCG@10:0.3620) [0.1 s] *
2025-12-12 19:13:07,341 - INFO - Epoch 21    loss=0.1172 [6.4 s]	dev=(NDCG@10:0.3621) [0.1 s] *
2025-12-12 19:13:13,753 - INFO - Epoch 22    loss=0.1122 [6.3 s]	dev=(NDCG@10:0.3630) [0.1 s] *
2025-12-12 19:13:19,951 - INFO - Epoch 23    loss=0.1084 [6.1 s]	dev=(NDCG@10:0.3637) [0.1 s] *
2025-12-12 19:13:25,316 - INFO - Epoch 24    loss=0.1042 [5.3 s]	dev=(NDCG@10:0.3638) [0.1 s] *
2025-12-12 19:13:31,548 - INFO - Epoch 25    loss=0.1004 [6.1 s]	dev=(NDCG@10:0.3641) [0.1 s] *
2025-12-12 19:13:38,019 - INFO - Epoch 26    loss=0.0993 [6.4 s]	dev=(NDCG@10:0.3645) [0.1 s] *
2025-12-12 19:13:44,407 - INFO - Epoch 27    loss=0.0956 [6.3 s]	dev=(NDCG@10:0.3642) [0.1 s] *
2025-12-12 19:13:49,867 - INFO - Epoch 28    loss=0.0926 [5.4 s]	dev=(NDCG@10:0.3648) [0.1 s] *
2025-12-12 19:13:56,410 - INFO - Epoch 29    loss=0.0891 [6.4 s]	dev=(NDCG@10:0.3651) [0.1 s] *
2025-12-12 19:14:01,656 - INFO - Epoch 30    loss=0.0875 [5.2 s]	dev=(NDCG@10:0.3663) [0.1 s] *
2025-12-12 19:14:01,656 - INFO - 
Best Iter(dev)=   30	 dev=(NDCG@10:0.3663) [188.5 s] 
2025-12-12 19:14:01,659 - INFO - Load model from /home/ReChorus/Lab/Lab4/models/BiGeaR_emb64_stage1.pt
2025-12-12 19:14:01,662 - INFO - Load model from /home/ReChorus/Lab/Lab4/models/BiGeaR_emb64_stage1.pt
2025-12-12 19:14:01,817 - INFO - 训练完成: emb_size=64, stage=1
2025-12-12 19:14:01,818 - INFO - 训练时间: 188.50s
2025-12-12 19:14:01,818 - INFO - Test 结果: NDCG@5:0.2655,NDCG@10:0.3042,NDCG@20:0.3336,NDCG@50:0.3750
2025-12-12 19:14:01,825 - INFO - 
============================================================
2025-12-12 19:14:01,825 - INFO - 训练 Stage 2, emb_size = 64
2025-12-12 19:14:01,826 - INFO - ============================================================
2025-12-12 19:14:08,197 - INFO - 模型参数量: 1497344
2025-12-12 19:14:08,490 - INFO - Optimizer: Adam
2025-12-12 19:14:18,802 - INFO - Epoch 1     loss=0.2090 [10.3 s]	dev=(NDCG@10:0.3454) [0.1 s] *
2025-12-12 19:14:27,729 - INFO - Epoch 2     loss=0.1928 [8.8 s]	dev=(NDCG@10:0.3488) [0.1 s] *
2025-12-12 19:14:38,142 - INFO - Epoch 3     loss=0.1856 [10.2 s]	dev=(NDCG@10:0.3499) [0.1 s] *
2025-12-12 19:14:48,711 - INFO - Epoch 4     loss=0.1794 [10.4 s]	dev=(NDCG@10:0.3520) [0.1 s] *
2025-12-12 19:14:59,014 - INFO - Epoch 5     loss=0.1760 [10.1 s]	dev=(NDCG@10:0.3533) [0.1 s] *
2025-12-12 19:15:09,197 - INFO - Epoch 6     loss=0.1736 [10.0 s]	dev=(NDCG@10:0.3545) [0.1 s] *
2025-12-12 19:15:19,591 - INFO - Epoch 7     loss=0.1725 [10.3 s]	dev=(NDCG@10:0.3544) [0.1 s]
2025-12-12 19:15:29,952 - INFO - Epoch 8     loss=0.1708 [10.2 s]	dev=(NDCG@10:0.3547) [0.1 s] *
2025-12-12 19:15:40,301 - INFO - Epoch 9     loss=0.1694 [10.2 s]	dev=(NDCG@10:0.3545) [0.1 s]
2025-12-12 19:15:50,798 - INFO - Epoch 10    loss=0.1691 [10.3 s]	dev=(NDCG@10:0.3551) [0.1 s] *
2025-12-12 19:16:01,184 - INFO - Epoch 11    loss=0.1676 [10.2 s]	dev=(NDCG@10:0.3560) [0.1 s] *
2025-12-12 19:16:11,667 - INFO - Epoch 12    loss=0.1664 [10.4 s]	dev=(NDCG@10:0.3554) [0.1 s]
2025-12-12 19:16:22,181 - INFO - Epoch 13    loss=0.1664 [10.3 s]	dev=(NDCG@10:0.3561) [0.1 s] *
2025-12-12 19:16:32,635 - INFO - Epoch 14    loss=0.1658 [10.4 s]	dev=(NDCG@10:0.3555) [0.1 s]
2025-12-12 19:16:42,240 - INFO - Epoch 15    loss=0.1634 [9.5 s]	dev=(NDCG@10:0.3559) [0.1 s]
2025-12-12 19:16:52,734 - INFO - Epoch 16    loss=0.1645 [10.3 s]	dev=(NDCG@10:0.3571) [0.1 s] *
2025-12-12 19:17:03,029 - INFO - Epoch 17    loss=0.1634 [10.2 s]	dev=(NDCG@10:0.3567) [0.1 s]
2025-12-12 19:17:13,610 - INFO - Epoch 18    loss=0.1648 [10.5 s]	dev=(NDCG@10:0.3563) [0.1 s]
2025-12-12 19:17:23,804 - INFO - Epoch 19    loss=0.1635 [10.1 s]	dev=(NDCG@10:0.3569) [0.1 s]
2025-12-12 19:17:33,729 - INFO - Epoch 20    loss=0.1622 [9.8 s]	dev=(NDCG@10:0.3578) [0.1 s] *
2025-12-12 19:17:44,095 - INFO - Epoch 21    loss=0.1617 [10.3 s]	dev=(NDCG@10:0.3576) [0.1 s]
2025-12-12 19:17:54,566 - INFO - Epoch 22    loss=0.1608 [10.3 s]	dev=(NDCG@10:0.3582) [0.1 s] *
2025-12-12 19:18:05,137 - INFO - Epoch 23    loss=0.1604 [10.4 s]	dev=(NDCG@10:0.3584) [0.1 s] *
2025-12-12 19:18:15,336 - INFO - Epoch 24    loss=0.1600 [10.1 s]	dev=(NDCG@10:0.3577) [0.1 s]
2025-12-12 19:18:25,950 - INFO - Epoch 25    loss=0.1603 [10.5 s]	dev=(NDCG@10:0.3579) [0.1 s]
2025-12-12 19:18:36,094 - INFO - Epoch 26    loss=0.1614 [10.0 s]	dev=(NDCG@10:0.3590) [0.1 s] *
2025-12-12 19:18:46,535 - INFO - Epoch 27    loss=0.1611 [10.3 s]	dev=(NDCG@10:0.3586) [0.1 s]
2025-12-12 19:18:57,099 - INFO - Epoch 28    loss=0.1603 [10.4 s]	dev=(NDCG@10:0.3586) [0.1 s]
2025-12-12 19:19:07,450 - INFO - Epoch 29    loss=0.1595 [10.2 s]	dev=(NDCG@10:0.3591) [0.1 s] *
2025-12-12 19:19:18,019 - INFO - Epoch 30    loss=0.1596 [10.5 s]	dev=(NDCG@10:0.3586) [0.1 s]
2025-12-12 19:19:18,020 - INFO - 
Best Iter(dev)=   29	 dev=(NDCG@10:0.3591) [309.7 s] 
2025-12-12 19:19:18,049 - INFO - Load model from /home/ReChorus/Lab/Lab4/models/BiGeaR_emb64_stage2.pt
2025-12-12 19:19:18,081 - INFO - Load model from /home/ReChorus/Lab/Lab4/models/BiGeaR_emb64_stage2.pt
2025-12-12 19:19:18,263 - INFO - 训练完成: emb_size=64, stage=2
2025-12-12 19:19:18,263 - INFO - 训练时间: 309.68s
2025-12-12 19:19:18,263 - INFO - Test 结果: NDCG@5:0.2555,NDCG@10:0.2975,NDCG@20:0.3270,NDCG@50:0.3676
2025-12-12 19:19:18,272 - INFO - 
############################################################
2025-12-12 19:19:18,272 - INFO - # Embedding 维度 = 128
2025-12-12 19:19:18,272 - INFO - ############################################################
2025-12-12 19:19:18,272 - INFO - 
============================================================
2025-12-12 19:19:18,272 - INFO - 训练 Stage 1, emb_size = 128
2025-12-12 19:19:18,272 - INFO - ============================================================
2025-12-12 19:19:24,672 - INFO - 模型参数量: 2994688
2025-12-12 19:19:24,964 - INFO - Optimizer: Adam
2025-12-12 19:19:31,192 - INFO - Epoch 1     loss=0.4753 [6.2 s]	dev=(NDCG@10:0.2626) [0.1 s] *
2025-12-12 19:19:37,579 - INFO - Epoch 2     loss=0.3520 [6.3 s]	dev=(NDCG@10:0.3097) [0.1 s] *
2025-12-12 19:19:44,071 - INFO - Epoch 3     loss=0.2915 [6.4 s]	dev=(NDCG@10:0.3291) [0.1 s] *
2025-12-12 19:19:50,424 - INFO - Epoch 4     loss=0.2571 [6.2 s]	dev=(NDCG@10:0.3374) [0.1 s] *
2025-12-12 19:19:56,254 - INFO - Epoch 5     loss=0.2339 [5.7 s]	dev=(NDCG@10:0.3411) [0.1 s] *
2025-12-12 19:20:02,302 - INFO - Epoch 6     loss=0.2148 [5.9 s]	dev=(NDCG@10:0.3440) [0.1 s] *
2025-12-12 19:20:08,824 - INFO - Epoch 7     loss=0.1990 [6.4 s]	dev=(NDCG@10:0.3472) [0.1 s] *
2025-12-12 19:20:15,125 - INFO - Epoch 8     loss=0.1840 [6.2 s]	dev=(NDCG@10:0.3511) [0.1 s] *
2025-12-12 19:20:21,380 - INFO - Epoch 9     loss=0.1700 [6.1 s]	dev=(NDCG@10:0.3544) [0.1 s] *
2025-12-12 19:20:27,827 - INFO - Epoch 10    loss=0.1586 [6.3 s]	dev=(NDCG@10:0.3564) [0.1 s] *
2025-12-12 19:20:34,177 - INFO - Epoch 11    loss=0.1472 [6.2 s]	dev=(NDCG@10:0.3586) [0.1 s] *
2025-12-12 19:20:40,652 - INFO - Epoch 12    loss=0.1366 [6.4 s]	dev=(NDCG@10:0.3611) [0.1 s] *
2025-12-12 19:20:46,842 - INFO - Epoch 13    loss=0.1282 [6.1 s]	dev=(NDCG@10:0.3637) [0.1 s] *
2025-12-12 19:20:53,142 - INFO - Epoch 14    loss=0.1199 [6.2 s]	dev=(NDCG@10:0.3646) [0.1 s] *
2025-12-12 19:20:59,281 - INFO - Epoch 15    loss=0.1103 [6.0 s]	dev=(NDCG@10:0.3654) [0.1 s] *
2025-12-12 19:21:05,683 - INFO - Epoch 16    loss=0.1057 [6.3 s]	dev=(NDCG@10:0.3664) [0.1 s] *
2025-12-12 19:21:11,642 - INFO - Epoch 17    loss=0.0994 [5.8 s]	dev=(NDCG@10:0.3673) [0.1 s] *
2025-12-12 19:21:17,996 - INFO - Epoch 18    loss=0.0958 [6.2 s]	dev=(NDCG@10:0.3676) [0.1 s] *
2025-12-12 19:21:24,303 - INFO - Epoch 19    loss=0.0915 [6.2 s]	dev=(NDCG@10:0.3694) [0.1 s] *
2025-12-12 19:21:29,905 - INFO - Epoch 20    loss=0.0861 [5.5 s]	dev=(NDCG@10:0.3706) [0.1 s] *
2025-12-12 19:21:36,533 - INFO - Epoch 21    loss=0.0830 [6.5 s]	dev=(NDCG@10:0.3710) [0.1 s] *
2025-12-12 19:21:43,024 - INFO - Epoch 22    loss=0.0794 [6.4 s]	dev=(NDCG@10:0.3718) [0.1 s] *
2025-12-12 19:21:49,360 - INFO - Epoch 23    loss=0.0772 [6.2 s]	dev=(NDCG@10:0.3727) [0.1 s] *
2025-12-12 19:21:55,837 - INFO - Epoch 24    loss=0.0751 [6.4 s]	dev=(NDCG@10:0.3723) [0.1 s] *
2025-12-12 19:22:02,355 - INFO - Epoch 25    loss=0.0736 [6.4 s]	dev=(NDCG@10:0.3728) [0.1 s] *
2025-12-12 19:22:08,910 - INFO - Epoch 26    loss=0.0726 [6.4 s]	dev=(NDCG@10:0.3728) [0.1 s] *
2025-12-12 19:22:14,953 - INFO - Epoch 27    loss=0.0710 [5.9 s]	dev=(NDCG@10:0.3732) [0.1 s] *
2025-12-12 19:22:21,215 - INFO - Epoch 28    loss=0.0695 [6.1 s]	dev=(NDCG@10:0.3738) [0.1 s] *
2025-12-12 19:22:27,683 - INFO - Epoch 29    loss=0.0681 [6.4 s]	dev=(NDCG@10:0.3740) [0.1 s] *
2025-12-12 19:22:34,045 - INFO - Epoch 30    loss=0.0671 [6.2 s]	dev=(NDCG@10:0.3745) [0.1 s] *
2025-12-12 19:22:34,045 - INFO - 
Best Iter(dev)=   30	 dev=(NDCG@10:0.3745) [189.2 s] 
2025-12-12 19:22:34,051 - INFO - Load model from /home/ReChorus/Lab/Lab4/models/BiGeaR_emb128_stage1.pt
2025-12-12 19:22:34,056 - INFO - Load model from /home/ReChorus/Lab/Lab4/models/BiGeaR_emb128_stage1.pt
2025-12-12 19:22:34,244 - INFO - 训练完成: emb_size=128, stage=1
2025-12-12 19:22:34,244 - INFO - 训练时间: 189.21s
2025-12-12 19:22:34,245 - INFO - Test 结果: NDCG@5:0.2722,NDCG@10:0.3114,NDCG@20:0.3406,NDCG@50:0.3801
2025-12-12 19:22:34,252 - INFO - 
============================================================
2025-12-12 19:22:34,252 - INFO - 训练 Stage 2, emb_size = 128
2025-12-12 19:22:34,252 - INFO - ============================================================
2025-12-12 19:22:40,785 - INFO - 模型参数量: 2994688
2025-12-12 19:22:41,098 - INFO - Optimizer: Adam
2025-12-12 19:22:51,051 - INFO - Epoch 1     loss=0.1868 [9.9 s]	dev=(NDCG@10:0.3614) [0.1 s] *
2025-12-12 19:23:01,303 - INFO - Epoch 2     loss=0.1682 [10.1 s]	dev=(NDCG@10:0.3637) [0.1 s] *
2025-12-12 19:23:11,650 - INFO - Epoch 3     loss=0.1599 [10.2 s]	dev=(NDCG@10:0.3641) [0.1 s] *
2025-12-12 19:23:21,999 - INFO - Epoch 4     loss=0.1548 [10.2 s]	dev=(NDCG@10:0.3645) [0.1 s] *
2025-12-12 19:23:32,509 - INFO - Epoch 5     loss=0.1520 [10.3 s]	dev=(NDCG@10:0.3650) [0.1 s] *
2025-12-12 19:23:42,523 - INFO - Epoch 6     loss=0.1501 [9.8 s]	dev=(NDCG@10:0.3661) [0.1 s] *
2025-12-12 19:23:52,988 - INFO - Epoch 7     loss=0.1493 [10.3 s]	dev=(NDCG@10:0.3662) [0.1 s] *
2025-12-12 19:24:03,211 - INFO - Epoch 8     loss=0.1488 [10.0 s]	dev=(NDCG@10:0.3668) [0.1 s] *
2025-12-12 19:24:13,521 - INFO - Epoch 9     loss=0.1479 [10.2 s]	dev=(NDCG@10:0.3666) [0.1 s]
2025-12-12 19:24:23,513 - INFO - Epoch 10    loss=0.1486 [9.8 s]	dev=(NDCG@10:0.3667) [0.2 s]
2025-12-12 19:24:33,545 - INFO - Epoch 11    loss=0.1471 [9.8 s]	dev=(NDCG@10:0.3670) [0.1 s] *
2025-12-12 19:24:44,348 - INFO - Epoch 12    loss=0.1464 [10.6 s]	dev=(NDCG@10:0.3674) [0.1 s] *
2025-12-12 19:24:54,731 - INFO - Epoch 13    loss=0.1464 [10.2 s]	dev=(NDCG@10:0.3682) [0.1 s] *
2025-12-12 19:25:05,286 - INFO - Epoch 14    loss=0.1459 [10.4 s]	dev=(NDCG@10:0.3677) [0.1 s]
2025-12-12 19:25:15,666 - INFO - Epoch 15    loss=0.1438 [10.3 s]	dev=(NDCG@10:0.3671) [0.1 s]
2025-12-12 19:25:26,000 - INFO - Epoch 16    loss=0.1455 [10.2 s]	dev=(NDCG@10:0.3673) [0.1 s]
2025-12-12 19:25:35,600 - INFO - Epoch 17    loss=0.1451 [9.5 s]	dev=(NDCG@10:0.3673) [0.1 s]
2025-12-12 19:25:35,600 - INFO - Early stop at 17 based on dev result.
2025-12-12 19:25:35,600 - INFO - 
Best Iter(dev)=   13	 dev=(NDCG@10:0.3682) [174.6 s] 
2025-12-12 19:25:35,632 - INFO - Load model from /home/ReChorus/Lab/Lab4/models/BiGeaR_emb128_stage2.pt
2025-12-12 19:25:35,663 - INFO - Load model from /home/ReChorus/Lab/Lab4/models/BiGeaR_emb128_stage2.pt
2025-12-12 19:25:35,869 - INFO - 训练完成: emb_size=128, stage=2
2025-12-12 19:25:35,869 - INFO - 训练时间: 174.67s
2025-12-12 19:25:35,869 - INFO - Test 结果: NDCG@5:0.2636,NDCG@10:0.3052,NDCG@20:0.3356,NDCG@50:0.3745
2025-12-12 19:25:35,876 - INFO - 
============================================================
2025-12-12 19:25:35,876 - INFO - 实验结果汇总
2025-12-12 19:25:35,876 - INFO - ============================================================
2025-12-12 19:25:35,876 - INFO - 
=== Stage 1 (Teacher) ===
2025-12-12 19:25:35,876 - INFO - 维度         | HR@10      | HR@20      | NDCG@10    | NDCG@20    | 训练时间
2025-12-12 19:25:35,876 - INFO - ---------------------------------------------------------------------
2025-12-12 19:25:35,876 - INFO - 16         | 0.4907     | 0.6063     | 0.2913     | 0.3204     | 189.3s
2025-12-12 19:25:35,877 - INFO - 32         | 0.4996     | 0.6180     | 0.2990     | 0.3289     | 190.5s
2025-12-12 19:25:35,877 - INFO - 64         | 0.5038     | 0.6199     | 0.3042     | 0.3336     | 188.5s
2025-12-12 19:25:35,877 - INFO - 128        | 0.5111     | 0.6271     | 0.3114     | 0.3406     | 189.2s
2025-12-12 19:25:35,877 - INFO - 
=== Stage 2 (Binary Student) ===
2025-12-12 19:25:35,877 - INFO - 维度         | HR@10      | HR@20      | NDCG@10    | NDCG@20    | 训练时间
2025-12-12 19:25:35,877 - INFO - ---------------------------------------------------------------------
2025-12-12 19:25:35,877 - INFO - 16         | 0.4684     | 0.5827     | 0.2754     | 0.3042     | 298.7s
2025-12-12 19:25:35,877 - INFO - 32         | 0.4874     | 0.6038     | 0.2888     | 0.3180     | 225.0s
2025-12-12 19:25:35,877 - INFO - 64         | 0.4989     | 0.6159     | 0.2975     | 0.3270     | 309.7s
2025-12-12 19:25:35,877 - INFO - 128        | 0.5079     | 0.6288     | 0.3052     | 0.3356     | 174.7s
2025-12-12 19:25:35,877 - INFO - 
=== Stage 2 / Stage 1 保持率 ===
2025-12-12 19:25:35,877 - INFO - 维度         | HR@10      | HR@20      | NDCG@10    | NDCG@20   
2025-12-12 19:25:35,877 - INFO - --------------------------------------------------------------
2025-12-12 19:25:35,877 - INFO - 16         | 95.5%     96.1%     94.6%     95.0%     
2025-12-12 19:25:35,877 - INFO - 32         | 97.5%     97.7%     96.6%     96.7%     
2025-12-12 19:25:35,877 - INFO - 64         | 99.0%     99.4%     97.8%     98.0%     
2025-12-12 19:25:35,877 - INFO - 128        | 99.4%     100.3%     98.0%     98.5%     
2025-12-12 19:25:35,877 - INFO - 
=== 维度 vs 模型参数量 ===
2025-12-12 19:25:35,877 - INFO -   emb_size=16: 374,336 参数
2025-12-12 19:25:35,877 - INFO -   emb_size=32: 748,672 参数
2025-12-12 19:25:35,877 - INFO -   emb_size=64: 1,497,344 参数
2025-12-12 19:25:35,877 - INFO -   emb_size=128: 2,994,688 参数
2025-12-12 19:25:35,877 - INFO - 
最佳维度: 128 (NDCG@10 = 0.3052)
2025-12-12 19:25:35,878 - INFO - 
结果已保存到: /home/ReChorus/Lab/Lab4/results/hyperparam_results_20251212_185515.json
2025-12-12 19:25:35,878 - INFO - 
实验四完成！
