Namespace(model_name='BPRMF', model_mode='')
--------------------------------------------- BEGIN: 2025-12-12 11:42:14 ---------------------------------------------

===========================================
 Arguments          | Values               
===========================================
 batch_size         | 256                 
 data_appendix      |                     
 dataset            | Grocery_and_Gourm...
 dropout            | 0                   
 early_stop         | 10                  
 emb_size           | 64                  
 epoch              | 200                 
 eval_batch_size    | 256                 
 gpu                | 0                   
 l2                 | 1e-06               
 lr                 | 0.001               
 main_metric        |                     
 num_neg            | 1                   
 num_workers        | 5                   
 optimizer          | Adam                
 random_seed        | 0                   
 save_final_results | 1                   
 test_all           | 0                   
 topk               | 5,10,20,50          
===========================================
Device: cuda
Load corpus from data/Grocery_and_Gourmet_Food/BaseReader.pkl
#params: 1497344
BPRMF(
  (u_embeddings): Embedding(14682, 64)
  (i_embeddings): Embedding(8714, 64)
)
Test Before Training: (NDCG@5:0.0313,NDCG@10:0.0475,NDCG@20:0.0726,NDCG@50:0.1314)
Optimizer: Adam
Epoch 1     loss=0.6690 [4.5 s]	dev=(NDCG@5:0.1341) [0.3 s] *
Epoch 2     loss=0.5213 [3.6 s]	dev=(NDCG@5:0.1558) [0.3 s] *
Epoch 3     loss=0.4521 [3.6 s]	dev=(NDCG@5:0.1716) [0.3 s] *
Epoch 4     loss=0.4076 [3.6 s]	dev=(NDCG@5:0.1893) [0.3 s] *
Epoch 5     loss=0.3687 [3.4 s]	dev=(NDCG@5:0.2028) [0.3 s] *
Epoch 6     loss=0.3308 [3.6 s]	dev=(NDCG@5:0.2142) [0.3 s] *
Epoch 7     loss=0.2947 [3.5 s]	dev=(NDCG@5:0.2234) [0.3 s] *
Epoch 8     loss=0.2623 [3.4 s]	dev=(NDCG@5:0.2333) [0.3 s] *
Epoch 9     loss=0.2315 [3.7 s]	dev=(NDCG@5:0.2418) [0.3 s] *
Epoch 10    loss=0.2061 [3.5 s]	dev=(NDCG@5:0.2485) [0.3 s] *
Epoch 11    loss=0.1813 [3.6 s]	dev=(NDCG@5:0.2531) [0.3 s] *
Epoch 12    loss=0.1600 [3.6 s]	dev=(NDCG@5:0.2571) [0.3 s] *
Epoch 13    loss=0.1419 [3.5 s]	dev=(NDCG@5:0.2617) [0.3 s] *
Epoch 14    loss=0.1268 [3.5 s]	dev=(NDCG@5:0.2646) [0.3 s] *
Epoch 15    loss=0.1116 [3.5 s]	dev=(NDCG@5:0.2666) [0.3 s] *
Epoch 16    loss=0.1016 [3.7 s]	dev=(NDCG@5:0.2691) [0.3 s] *
Epoch 17    loss=0.0913 [3.7 s]	dev=(NDCG@5:0.2712) [0.3 s] *
Epoch 18    loss=0.0837 [3.6 s]	dev=(NDCG@5:0.2726) [0.3 s] *
Epoch 19    loss=0.0764 [3.8 s]	dev=(NDCG@5:0.2745) [0.2 s] *
Epoch 20    loss=0.0696 [3.5 s]	dev=(NDCG@5:0.2767) [0.3 s] *
Epoch 21    loss=0.0637 [3.5 s]	dev=(NDCG@5:0.2780) [0.2 s] *
Epoch 22    loss=0.0597 [3.8 s]	dev=(NDCG@5:0.2782) [0.3 s] *
Epoch 23    loss=0.0559 [3.7 s]	dev=(NDCG@5:0.2788) [0.3 s] *
Epoch 24    loss=0.0523 [3.7 s]	dev=(NDCG@5:0.2803) [0.2 s] *
Epoch 25    loss=0.0499 [3.8 s]	dev=(NDCG@5:0.2791) [0.3 s]
Epoch 26    loss=0.0476 [3.7 s]	dev=(NDCG@5:0.2796) [0.3 s]
Epoch 27    loss=0.0460 [3.7 s]	dev=(NDCG@5:0.2807) [0.3 s] *
Epoch 28    loss=0.0441 [3.7 s]	dev=(NDCG@5:0.2819) [0.2 s] *
Epoch 29    loss=0.0422 [3.7 s]	dev=(NDCG@5:0.2823) [0.3 s] *
Epoch 30    loss=0.0409 [3.7 s]	dev=(NDCG@5:0.2832) [0.3 s] *
Epoch 31    loss=0.0395 [3.8 s]	dev=(NDCG@5:0.2848) [0.4 s] *
Epoch 32    loss=0.0388 [3.9 s]	dev=(NDCG@5:0.2854) [0.3 s] *
Epoch 33    loss=0.0379 [3.4 s]	dev=(NDCG@5:0.2865) [0.3 s] *
Epoch 34    loss=0.0367 [3.7 s]	dev=(NDCG@5:0.2873) [0.3 s] *
Epoch 35    loss=0.0359 [3.6 s]	dev=(NDCG@5:0.2866) [0.3 s]
Epoch 36    loss=0.0361 [3.7 s]	dev=(NDCG@5:0.2877) [0.2 s] *
Epoch 37    loss=0.0348 [3.8 s]	dev=(NDCG@5:0.2886) [0.3 s] *
Epoch 38    loss=0.0350 [3.7 s]	dev=(NDCG@5:0.2900) [0.3 s] *
Epoch 39    loss=0.0340 [3.7 s]	dev=(NDCG@5:0.2897) [0.3 s]
Epoch 40    loss=0.0338 [3.8 s]	dev=(NDCG@5:0.2884) [0.3 s]
Epoch 41    loss=0.0333 [3.7 s]	dev=(NDCG@5:0.2886) [0.3 s]
Epoch 42    loss=0.0335 [3.8 s]	dev=(NDCG@5:0.2895) [0.3 s]
Epoch 43    loss=0.0329 [3.7 s]	dev=(NDCG@5:0.2900) [0.3 s] *
Epoch 44    loss=0.0328 [3.3 s]	dev=(NDCG@5:0.2913) [0.3 s] *
Epoch 45    loss=0.0320 [3.8 s]	dev=(NDCG@5:0.2923) [0.3 s] *
Epoch 46    loss=0.0324 [3.7 s]	dev=(NDCG@5:0.2921) [0.3 s]
Epoch 47    loss=0.0314 [3.8 s]	dev=(NDCG@5:0.2928) [0.3 s] *
Epoch 48    loss=0.0312 [2.7 s]	dev=(NDCG@5:0.2933) [0.3 s] *
Epoch 49    loss=0.0314 [3.2 s]	dev=(NDCG@5:0.2939) [0.3 s] *
Epoch 50    loss=0.0309 [3.6 s]	dev=(NDCG@5:0.2946) [0.3 s] *
Epoch 51    loss=0.0314 [3.8 s]	dev=(NDCG@5:0.2934) [0.3 s]
Epoch 52    loss=0.0305 [3.7 s]	dev=(NDCG@5:0.2940) [0.3 s]
Epoch 53    loss=0.0306 [3.1 s]	dev=(NDCG@5:0.2935) [0.3 s]
Epoch 54    loss=0.0301 [3.8 s]	dev=(NDCG@5:0.2940) [0.3 s]
Epoch 55    loss=0.0305 [3.4 s]	dev=(NDCG@5:0.2951) [0.3 s] *
Epoch 56    loss=0.0298 [3.7 s]	dev=(NDCG@5:0.2963) [0.3 s] *
Epoch 57    loss=0.0298 [3.7 s]	dev=(NDCG@5:0.2972) [0.3 s] *
Epoch 58    loss=0.0299 [3.6 s]	dev=(NDCG@5:0.2969) [0.3 s]
Epoch 59    loss=0.0299 [3.7 s]	dev=(NDCG@5:0.2964) [0.3 s]
Epoch 60    loss=0.0292 [3.6 s]	dev=(NDCG@5:0.2966) [0.3 s]
Epoch 61    loss=0.0300 [3.6 s]	dev=(NDCG@5:0.2964) [0.3 s]
Epoch 62    loss=0.0292 [3.8 s]	dev=(NDCG@5:0.2969) [0.3 s]
Epoch 63    loss=0.0287 [3.5 s]	dev=(NDCG@5:0.2971) [0.3 s]
Epoch 64    loss=0.0285 [3.8 s]	dev=(NDCG@5:0.2978) [0.2 s] *
Epoch 65    loss=0.0290 [3.6 s]	dev=(NDCG@5:0.2991) [0.3 s] *
Epoch 66    loss=0.0289 [3.7 s]	dev=(NDCG@5:0.2989) [0.3 s]
Epoch 67    loss=0.0285 [3.7 s]	dev=(NDCG@5:0.2984) [0.3 s]
Epoch 68    loss=0.0283 [3.6 s]	dev=(NDCG@5:0.2988) [0.3 s]
Epoch 69    loss=0.0283 [3.6 s]	dev=(NDCG@5:0.2989) [0.3 s]
Epoch 70    loss=0.0283 [3.8 s]	dev=(NDCG@5:0.2995) [0.3 s] *
Epoch 71    loss=0.0280 [3.7 s]	dev=(NDCG@5:0.2999) [0.3 s] *
Epoch 72    loss=0.0282 [3.8 s]	dev=(NDCG@5:0.2984) [0.3 s]
Epoch 73    loss=0.0283 [3.9 s]	dev=(NDCG@5:0.2982) [0.3 s]
Epoch 74    loss=0.0280 [3.6 s]	dev=(NDCG@5:0.2986) [0.3 s]
Epoch 75    loss=0.0276 [3.8 s]	dev=(NDCG@5:0.2997) [0.3 s]
Epoch 76    loss=0.0278 [3.7 s]	dev=(NDCG@5:0.2999) [0.3 s] *
Epoch 77    loss=0.0276 [3.3 s]	dev=(NDCG@5:0.2999) [0.3 s] *
Epoch 78    loss=0.0277 [3.6 s]	dev=(NDCG@5:0.2996) [0.3 s]
Epoch 79    loss=0.0271 [3.8 s]	dev=(NDCG@5:0.2993) [0.3 s]
Epoch 80    loss=0.0279 [3.7 s]	dev=(NDCG@5:0.3002) [0.3 s] *
Epoch 81    loss=0.0275 [3.7 s]	dev=(NDCG@5:0.3006) [0.3 s] *
Epoch 82    loss=0.0269 [3.6 s]	dev=(NDCG@5:0.2998) [0.3 s]
Epoch 83    loss=0.0272 [3.8 s]	dev=(NDCG@5:0.2991) [0.3 s]
Epoch 84    loss=0.0278 [3.4 s]	dev=(NDCG@5:0.2999) [0.3 s]
Epoch 85    loss=0.0271 [3.6 s]	dev=(NDCG@5:0.3002) [0.3 s]
Epoch 86    loss=0.0271 [3.5 s]	dev=(NDCG@5:0.3000) [0.3 s]
Epoch 87    loss=0.0271 [3.5 s]	dev=(NDCG@5:0.3004) [0.3 s]
Epoch 88    loss=0.0270 [3.6 s]	dev=(NDCG@5:0.2993) [0.3 s]
Epoch 89    loss=0.0268 [3.5 s]	dev=(NDCG@5:0.3003) [0.3 s]
Epoch 90    loss=0.0270 [3.5 s]	dev=(NDCG@5:0.3016) [0.3 s] *
Epoch 91    loss=0.0266 [3.5 s]	dev=(NDCG@5:0.3022) [0.3 s] *
Epoch 92    loss=0.0270 [3.7 s]	dev=(NDCG@5:0.3013) [0.3 s]
Epoch 93    loss=0.0269 [3.2 s]	dev=(NDCG@5:0.3002) [0.3 s]
Epoch 94    loss=0.0266 [3.6 s]	dev=(NDCG@5:0.3014) [0.3 s]
Epoch 95    loss=0.0269 [3.6 s]	dev=(NDCG@5:0.3012) [0.3 s]
Epoch 96    loss=0.0263 [2.5 s]	dev=(NDCG@5:0.3013) [0.3 s]
Epoch 97    loss=0.0262 [3.8 s]	dev=(NDCG@5:0.3013) [0.3 s]
Epoch 98    loss=0.0264 [3.6 s]	dev=(NDCG@5:0.3009) [0.3 s]
Epoch 99    loss=0.0268 [3.5 s]	dev=(NDCG@5:0.3015) [0.3 s]
Epoch 100   loss=0.0262 [3.5 s]	dev=(NDCG@5:0.3019) [0.2 s]
Early stop at 100 based on dev result.

Best Iter(dev)=   91	 dev=(NDCG@5:0.3022) [390.2 s] 
Load model from /home/ReChorus/record/BPRMF/controlled_models/BPRMF__Grocery_and_Gourmet_Food__seed0__lr=0.001__l2=1e-06__emb_size=64__batch_size=256.pt

Dev  After Training: (NDCG@5:0.3006,NDCG@10:0.3333,NDCG@20:0.3588,NDCG@50:0.3954)

Test After Training: (NDCG@5:0.2380,NDCG@10:0.2737,NDCG@20:0.3012,NDCG@50:0.3420)
Saving top-100 recommendation results to: ../log/BPRMF/BPRMF__Grocery_and_Gourmet_Food__0__lr=0/rec-BPRMF-dev.csv
dev Prediction results saved!
Saving top-100 recommendation results to: ../log/BPRMF/BPRMF__Grocery_and_Gourmet_Food__0__lr=0/rec-BPRMF-test.csv
test Prediction results saved!

--------------------------------------------- END: 2025-12-12 11:48:49 ---------------------------------------------
