2025-12-12 18:45:11,227 - INFO - ============================================================
2025-12-12 18:45:11,227 - INFO - 实验一：消融实验 - 知识蒸馏模块有效性验证
2025-12-12 18:45:11,227 - INFO - ============================================================
2025-12-12 18:45:11,227 - INFO - 数据集: Grocery_and_Gourmet_Food
2025-12-12 18:45:11,227 - INFO - 随机种子: 0
2025-12-12 18:45:11,227 - INFO - Embedding 维度: 64
2025-12-12 18:45:11,227 - INFO - GNN 层数: 2
2025-12-12 18:45:11,227 - INFO - Lambda_ID: 1.0
2025-12-12 18:45:11,311 - INFO - 设备: cuda
2025-12-12 18:45:11,311 - INFO - 加载数据集: /home/ReChorus/data/Grocery_and_Gourmet_Food/BaseReader.pkl
2025-12-12 18:45:11,453 - INFO - 用户数: 14682, 物品数: 8714
2025-12-12 18:45:11,453 - INFO - Teacher 模型: /home/ReChorus/record/BiGeaR_LightGCN_v2/controlled_stage1_models/BiGeaR_LightGCN_v2__Grocery_and_Gourmet_Food__seed0__lr=0.001__l2=1e-06__emb_size=64__n_layers=2__stage=1.pt
2025-12-12 18:45:11,453 - INFO - 
============================================================
2025-12-12 18:45:11,453 - INFO - Part 1: 训练有蒸馏版本 (use_distillation=True)
2025-12-12 18:45:11,453 - INFO - ============================================================
2025-12-12 18:45:11,453 - INFO - 
============================================================
2025-12-12 18:45:11,453 - INFO - 开始训练 Stage 2 (with_distill)
2025-12-12 18:45:11,453 - INFO - ============================================================
